I, [2023-12-12T18:28:24.129182 #10907]  INFO -- : Migrating to Setup (1)
I, [2023-12-12T18:28:24.424465 #10907]  INFO -- : Migrating to IssueMove (2)
I, [2023-12-12T18:28:24.430428 #10907]  INFO -- : Migrating to IssueAddNote (3)
I, [2023-12-12T18:28:24.436869 #10907]  INFO -- : Migrating to ExportPdf (4)
I, [2023-12-12T18:28:24.449108 #10907]  INFO -- : Migrating to IssueStartDate (5)
I, [2023-12-12T18:28:24.454656 #10907]  INFO -- : Migrating to CalendarAndActivity (6)
I, [2023-12-12T18:28:24.463496 #10907]  INFO -- : Migrating to CreateJournals (7)
I, [2023-12-12T18:28:24.509414 #10907]  INFO -- : Migrating to CreateUserPreferences (8)
I, [2023-12-12T18:28:24.537064 #10907]  INFO -- : Migrating to AddHideMailPref (9)
I, [2023-12-12T18:28:24.545361 #10907]  INFO -- : Migrating to CreateComments (10)
I, [2023-12-12T18:28:24.559401 #10907]  INFO -- : Migrating to AddNewsCommentsCount (11)
I, [2023-12-12T18:28:24.563429 #10907]  INFO -- : Migrating to AddCommentsPermissions (12)
I, [2023-12-12T18:28:24.570273 #10907]  INFO -- : Migrating to CreateQueries (13)
I, [2023-12-12T18:28:24.585104 #10907]  INFO -- : Migrating to AddQueriesPermissions (14)
I, [2023-12-12T18:28:24.592063 #10907]  INFO -- : Migrating to CreateRepositories (15)
I, [2023-12-12T18:28:24.601599 #10907]  INFO -- : Migrating to AddRepositoriesPermissions (16)
I, [2023-12-12T18:28:24.623063 #10907]  INFO -- : Migrating to CreateSettings (17)
I, [2023-12-12T18:28:24.653756 #10907]  INFO -- : Migrating to SetDocAndFilesNotifications (18)
I, [2023-12-12T18:28:24.666732 #10907]  INFO -- : Migrating to AddIssueStatusPosition (19)
I, [2023-12-12T18:28:24.679203 #10907]  INFO -- : Migrating to AddRolePosition (20)
I, [2023-12-12T18:28:24.692674 #10907]  INFO -- : Migrating to AddTrackerPosition (21)
I, [2023-12-12T18:28:24.702122 #10907]  INFO -- : Migrating to SerializePossiblesValues (22)
I, [2023-12-12T18:28:24.706567 #10907]  INFO -- : Migrating to AddTrackerIsInRoadmap (23)
I, [2023-12-12T18:28:24.712979 #10907]  INFO -- : Migrating to AddRoadmapPermission (24)
I, [2023-12-12T18:28:24.721007 #10907]  INFO -- : Migrating to AddSearchPermission (25)
I, [2023-12-12T18:28:24.727436 #10907]  INFO -- : Migrating to AddRepositoryLoginAndPassword (26)
I, [2023-12-12T18:28:24.731215 #10907]  INFO -- : Migrating to CreateWikis (27)
I, [2023-12-12T18:28:24.749000 #10907]  INFO -- : Migrating to CreateWikiPages (28)
I, [2023-12-12T18:28:24.770586 #10907]  INFO -- : Migrating to CreateWikiContents (29)
I, [2023-12-12T18:28:24.817560 #10907]  INFO -- : Migrating to AddProjectsFeedsPermissions (30)
I, [2023-12-12T18:28:24.824334 #10907]  INFO -- : Migrating to AddRepositoryRootUrl (31)
I, [2023-12-12T18:28:24.828604 #10907]  INFO -- : Migrating to CreateTimeEntries (32)
I, [2023-12-12T18:28:24.841272 #10907]  INFO -- : Migrating to AddTimelogPermissions (33)
I, [2023-12-12T18:28:24.850538 #10907]  INFO -- : Migrating to CreateChangesets (34)
I, [2023-12-12T18:28:24.862654 #10907]  INFO -- : Migrating to CreateChanges (35)
I, [2023-12-12T18:28:24.882420 #10907]  INFO -- : Migrating to AddChangesetCommitDate (36)
I, [2023-12-12T18:28:24.900460 #10907]  INFO -- : Migrating to AddProjectIdentifier (37)
I, [2023-12-12T18:28:24.903963 #10907]  INFO -- : Migrating to AddCustomFieldIsFilter (38)
I, [2023-12-12T18:28:24.907829 #10907]  INFO -- : Migrating to CreateWatchers (39)
I, [2023-12-12T18:28:24.921759 #10907]  INFO -- : Migrating to CreateChangesetsIssues (40)
I, [2023-12-12T18:28:24.929623 #10907]  INFO -- : Migrating to RenameCommentToComments (41)
I, [2023-12-12T18:28:24.949723 #10907]  INFO -- : Migrating to CreateIssueRelations (42)
I, [2023-12-12T18:28:24.960271 #10907]  INFO -- : Migrating to AddRelationsPermissions (43)
I, [2023-12-12T18:28:24.967369 #10907]  INFO -- : Migrating to SetLanguageLengthToFive (44)
I, [2023-12-12T18:28:24.974443 #10907]  INFO -- : Migrating to CreateBoards (45)
I, [2023-12-12T18:28:24.992156 #10907]  INFO -- : Migrating to CreateMessages (46)
I, [2023-12-12T18:28:25.011487 #10907]  INFO -- : Migrating to AddBoardsPermissions (47)
I, [2023-12-12T18:28:25.019214 #10907]  INFO -- : Migrating to AllowNullVersionEffectiveDate (48)
I, [2023-12-12T18:28:25.023615 #10907]  INFO -- : Migrating to AddWikiDestroyPagePermission (49)
I, [2023-12-12T18:28:25.028810 #10907]  INFO -- : Migrating to AddWikiAttachmentsPermissions (50)
I, [2023-12-12T18:28:25.035192 #10907]  INFO -- : Migrating to AddProjectStatus (51)
I, [2023-12-12T18:28:25.039045 #10907]  INFO -- : Migrating to AddChangesRevision (52)
I, [2023-12-12T18:28:25.042003 #10907]  INFO -- : Migrating to AddChangesBranch (53)
I, [2023-12-12T18:28:25.051761 #10907]  INFO -- : Migrating to AddChangesetsScmid (54)
I, [2023-12-12T18:28:25.055337 #10907]  INFO -- : Migrating to AddRepositoriesType (55)
I, [2023-12-12T18:28:25.060985 #10907]  INFO -- : Migrating to AddRepositoriesChangesPermission (56)
I, [2023-12-12T18:28:25.066939 #10907]  INFO -- : Migrating to AddVersionsWikiPageTitle (57)
I, [2023-12-12T18:28:25.070025 #10907]  INFO -- : Migrating to AddIssueCategoriesAssignedToId (58)
I, [2023-12-12T18:28:25.074761 #10907]  INFO -- : Migrating to AddRolesAssignable (59)
I, [2023-12-12T18:28:25.080783 #10907]  INFO -- : Migrating to ChangeChangesetsCommitterLimit (60)
I, [2023-12-12T18:28:25.084353 #10907]  INFO -- : Migrating to AddRolesBuiltin (61)
I, [2023-12-12T18:28:25.088243 #10907]  INFO -- : Migrating to InsertBuiltinRoles (62)
I, [2023-12-12T18:28:25.531750 #10907]  INFO -- : Migrating to AddRolesPermissions (63)
I, [2023-12-12T18:28:25.540305 #10907]  INFO -- : Migrating to DropPermissions (64)
I, [2023-12-12T18:28:25.548104 #10907]  INFO -- : Migrating to AddSettingsUpdatedOn (65)
I, [2023-12-12T18:28:25.554651 #10907]  INFO -- : Migrating to AddCustomValueCustomizedIndex (66)
I, [2023-12-12T18:28:25.561970 #10907]  INFO -- : Migrating to CreateWikiRedirects (67)
I, [2023-12-12T18:28:25.578538 #10907]  INFO -- : Migrating to CreateEnabledModules (68)
I, [2023-12-12T18:28:25.613414 #10907]  INFO -- : Migrating to AddIssuesEstimatedHours (69)
I, [2023-12-12T18:28:25.618913 #10907]  INFO -- : Migrating to ChangeAttachmentsContentTypeLimit (70)
I, [2023-12-12T18:28:25.622640 #10907]  INFO -- : Migrating to AddQueriesColumnNames (71)
I, [2023-12-12T18:28:25.625701 #10907]  INFO -- : Migrating to AddEnumerationsPosition (72)
W, [2023-12-12T18:28:25.628072 #10907]  WARN -- : Creating scope :system. Overwriting existing method Enumeration.system.
I, [2023-12-12T18:28:25.633613 #10907]  INFO -- : Migrating to AddEnumerationsIsDefault (73)
I, [2023-12-12T18:28:25.637003 #10907]  INFO -- : Migrating to AddAuthSourcesTls (74)
I, [2023-12-12T18:28:25.640232 #10907]  INFO -- : Migrating to AddMembersMailNotification (75)
I, [2023-12-12T18:28:25.650468 #10907]  INFO -- : Migrating to AllowNullPosition (76)
I, [2023-12-12T18:28:25.668732 #10907]  INFO -- : Migrating to RemoveIssueStatusesHtmlColor (77)
I, [2023-12-12T18:28:25.672782 #10907]  INFO -- : Migrating to AddCustomFieldsPosition (78)
I, [2023-12-12T18:28:25.682170 #10907]  INFO -- : Migrating to AddUserPreferencesTimeZone (79)
I, [2023-12-12T18:28:25.686034 #10907]  INFO -- : Migrating to AddUsersType (80)
W, [2023-12-12T18:28:25.698014 #10907]  WARN -- : Creating scope :sorted. Overwriting existing method User.sorted.
I, [2023-12-12T18:28:25.702792 #10907]  INFO -- : Migrating to CreateProjectsTrackers (81)
I, [2023-12-12T18:28:25.720374 #10907]  INFO -- : Migrating to AddMessagesLocked (82)
I, [2023-12-12T18:28:25.724971 #10907]  INFO -- : Migrating to AddMessagesSticky (83)
I, [2023-12-12T18:28:25.728380 #10907]  INFO -- : Migrating to ChangeAuthSourcesAccountLimit (84)
I, [2023-12-12T18:28:25.731557 #10907]  INFO -- : Migrating to AddRoleTrackerOldStatusIndexToWorkflows (85)
I, [2023-12-12T18:28:25.739650 #10907]  INFO -- : Migrating to AddCustomFieldsSearchable (86)
I, [2023-12-12T18:28:25.748765 #10907]  INFO -- : Migrating to ChangeProjectsDescriptionToText (87)
I, [2023-12-12T18:28:25.761110 #10907]  INFO -- : Migrating to AddCustomFieldsDefaultValue (88)
I, [2023-12-12T18:28:25.767437 #10907]  INFO -- : Migrating to AddAttachmentsDescription (89)
I, [2023-12-12T18:28:25.783229 #10907]  INFO -- : Migrating to ChangeVersionsNameLimit (90)
I, [2023-12-12T18:28:25.790680 #10907]  INFO -- : Migrating to ChangeChangesetsRevisionToString (91)
I, [2023-12-12T18:28:25.828740 #10907]  INFO -- : Migrating to ChangeChangesFromRevisionToString (92)
I, [2023-12-12T18:28:25.847440 #10907]  INFO -- : Migrating to AddWikiPagesProtected (93)
I, [2023-12-12T18:28:25.851462 #10907]  INFO -- : Migrating to ChangeProjectsHomepageLimit (94)
I, [2023-12-12T18:28:25.856991 #10907]  INFO -- : Migrating to AddWikiPagesParentId (95)
I, [2023-12-12T18:28:25.860608 #10907]  INFO -- : Migrating to AddCommitAccessPermission (96)
I, [2023-12-12T18:28:25.864141 #10907]  INFO -- : Migrating to AddViewWikiEditsPermission (97)
I, [2023-12-12T18:28:25.868218 #10907]  INFO -- : Migrating to SetTopicAuthorsAsWatchers (98)
I, [2023-12-12T18:28:25.884450 #10907]  INFO -- : Migrating to AddDeleteWikiPagesAttachmentsPermission (99)
I, [2023-12-12T18:28:25.888927 #10907]  INFO -- : Migrating to AddChangesetsUserId (100)
I, [2023-12-12T18:28:25.893289 #10907]  INFO -- : Migrating to PopulateChangesetsUserId (101)
I, [2023-12-12T18:28:25.896759 #10907]  INFO -- : Migrating to AddCustomFieldsEditable (102)
I, [2023-12-12T18:28:25.900180 #10907]  INFO -- : Migrating to SetCustomFieldsEditable (103)
I, [2023-12-12T18:28:25.907735 #10907]  INFO -- : Migrating to AddProjectsLftAndRgt (104)
I, [2023-12-12T18:28:25.917651 #10907]  INFO -- : Migrating to BuildProjectsTree (105)
I, [2023-12-12T18:28:25.925696 #10907]  INFO -- : Migrating to RemoveProjectsProjectsCount (106)
I, [2023-12-12T18:28:25.931705 #10907]  INFO -- : Migrating to AddOpenIdAuthenticationTables (107)
I, [2023-12-12T18:28:25.951718 #10907]  INFO -- : Migrating to AddIdentityUrlToUsers (108)
I, [2023-12-12T18:28:25.955758 #10907]  INFO -- : Migrating to AddWatchersUserIdTypeIndex (20090214190337)
I, [2023-12-12T18:28:25.972326 #10907]  INFO -- : Migrating to AddQueriesSortCriteria (20090312172426)
I, [2023-12-12T18:28:25.978427 #10907]  INFO -- : Migrating to AddProjectsTrackersUniqueIndex (20090312194159)
I, [2023-12-12T18:28:25.988470 #10907]  INFO -- : Migrating to ExtendSettingsName (20090318181151)
I, [2023-12-12T18:28:26.002509 #10907]  INFO -- : Migrating to AddTypeToEnumerations (20090323224724)
I, [2023-12-12T18:28:26.011530 #10907]  INFO -- : Migrating to UpdateEnumerationsToSti (20090401221305)
I, [2023-12-12T18:28:26.026968 #10907]  INFO -- : Migrating to AddActiveFieldToEnumerations (20090401231134)
I, [2023-12-12T18:28:26.031878 #10907]  INFO -- : Migrating to AddProjectToEnumerations (20090403001910)
I, [2023-12-12T18:28:26.040046 #10907]  INFO -- : Migrating to AddParentIdToEnumerations (20090406161854)
I, [2023-12-12T18:28:26.045983 #10907]  INFO -- : Migrating to AddQueriesGroupBy (20090425161243)
I, [2023-12-12T18:28:26.057818 #10907]  INFO -- : Migrating to CreateMemberRoles (20090503121501)
I, [2023-12-12T18:28:26.067927 #10907]  INFO -- : Migrating to PopulateMemberRoles (20090503121505)
I, [2023-12-12T18:28:26.082718 #10907]  INFO -- : Migrating to DropMembersRoleId (20090503121510)
I, [2023-12-12T18:28:26.090857 #10907]  INFO -- : Migrating to FixMessagesStickyNull (20090614091200)
I, [2023-12-12T18:28:26.097365 #10907]  INFO -- : Migrating to PopulateUsersType (20090704172350)
I, [2023-12-12T18:28:26.100914 #10907]  INFO -- : Migrating to CreateGroupsUsers (20090704172355)
I, [2023-12-12T18:28:26.107681 #10907]  INFO -- : Migrating to AddMemberRolesInheritedFrom (20090704172358)
I, [2023-12-12T18:28:26.115110 #10907]  INFO -- : Migrating to FixUsersCustomValues (20091010093521)
I, [2023-12-12T18:28:26.127030 #10907]  INFO -- : Migrating to AddMissingIndexesToWorkflows (20091017212227)
I, [2023-12-12T18:28:26.141516 #10907]  INFO -- : Migrating to AddMissingIndexesToCustomFieldsProjects (20091017212457)
I, [2023-12-12T18:28:26.154563 #10907]  INFO -- : Migrating to AddMissingIndexesToMessages (20091017212644)
I, [2023-12-12T18:28:26.163258 #10907]  INFO -- : Migrating to AddMissingIndexesToRepositories (20091017212938)
I, [2023-12-12T18:28:26.168664 #10907]  INFO -- : Migrating to AddMissingIndexesToComments (20091017213027)
I, [2023-12-12T18:28:26.185961 #10907]  INFO -- : Migrating to AddMissingIndexesToEnumerations (20091017213113)
I, [2023-12-12T18:28:26.194029 #10907]  INFO -- : Migrating to AddMissingIndexesToWikiPages (20091017213151)
I, [2023-12-12T18:28:26.203013 #10907]  INFO -- : Migrating to AddMissingIndexesToWatchers (20091017213228)
I, [2023-12-12T18:28:26.220325 #10907]  INFO -- : Migrating to AddMissingIndexesToAuthSources (20091017213257)
I, [2023-12-12T18:28:26.226004 #10907]  INFO -- : Migrating to AddMissingIndexesToDocuments (20091017213332)
I, [2023-12-12T18:28:26.231209 #10907]  INFO -- : Migrating to AddMissingIndexesToTokens (20091017213444)
I, [2023-12-12T18:28:26.237015 #10907]  INFO -- : Migrating to AddMissingIndexesToChangesets (20091017213536)
I, [2023-12-12T18:28:26.251361 #10907]  INFO -- : Migrating to AddMissingIndexesToIssueCategories (20091017213642)
I, [2023-12-12T18:28:26.259314 #10907]  INFO -- : Migrating to AddMissingIndexesToMemberRoles (20091017213716)
I, [2023-12-12T18:28:26.267287 #10907]  INFO -- : Migrating to AddMissingIndexesToBoards (20091017213757)
I, [2023-12-12T18:28:26.272718 #10907]  INFO -- : Migrating to AddMissingIndexesToUserPreferences (20091017213835)
I, [2023-12-12T18:28:26.285960 #10907]  INFO -- : Migrating to AddMissingIndexesToIssues (20091017213910)
I, [2023-12-12T18:28:26.318438 #10907]  INFO -- : Migrating to AddMissingIndexesToMembers (20091017214015)
I, [2023-12-12T18:28:26.327824 #10907]  INFO -- : Migrating to AddMissingIndexesToCustomFields (20091017214107)
I, [2023-12-12T18:28:26.334008 #10907]  INFO -- : Migrating to AddMissingIndexesToQueries (20091017214136)
I, [2023-12-12T18:28:26.351682 #10907]  INFO -- : Migrating to AddMissingIndexesToTimeEntries (20091017214236)
I, [2023-12-12T18:28:26.360003 #10907]  INFO -- : Migrating to AddMissingIndexesToNews (20091017214308)
I, [2023-12-12T18:28:26.365338 #10907]  INFO -- : Migrating to AddMissingIndexesToUsers (20091017214336)
I, [2023-12-12T18:28:26.385828 #10907]  INFO -- : Migrating to AddMissingIndexesToAttachments (20091017214406)
I, [2023-12-12T18:28:26.395791 #10907]  INFO -- : Migrating to AddMissingIndexesToWikiContents (20091017214440)
I, [2023-12-12T18:28:26.410085 #10907]  INFO -- : Migrating to AddMissingIndexesToCustomValues (20091017214519)
I, [2023-12-12T18:28:26.417484 #10907]  INFO -- : Migrating to AddMissingIndexesToJournals (20091017214611)
I, [2023-12-12T18:28:26.425684 #10907]  INFO -- : Migrating to AddMissingIndexesToIssueRelations (20091017214644)
I, [2023-12-12T18:28:26.438145 #10907]  INFO -- : Migrating to AddMissingIndexesToWikiRedirects (20091017214720)
I, [2023-12-12T18:28:26.447263 #10907]  INFO -- : Migrating to AddMissingIndexesToCustomFieldsTrackers (20091017214750)
I, [2023-12-12T18:28:26.454043 #10907]  INFO -- : Migrating to AddActivityIndexes (20091025163651)
I, [2023-12-12T18:28:26.494905 #10907]  INFO -- : Migrating to AddVersionsStatus (20091108092559)
I, [2023-12-12T18:28:26.507893 #10907]  INFO -- : Migrating to AddViewIssuesPermission (20091114105931)
I, [2023-12-12T18:28:26.527681 #10907]  INFO -- : Migrating to AddDefaultDoneRatioToIssueStatus (20091123212029)
I, [2023-12-12T18:28:26.530756 #10907]  INFO -- : Migrating to AddVersionsSharing (20091205124427)
I, [2023-12-12T18:28:26.541041 #10907]  INFO -- : Migrating to AddLftAndRgtIndexesToProjects (20091220183509)
I, [2023-12-12T18:28:26.556394 #10907]  INFO -- : Migrating to AddIndexToSettingsName (20091220183727)
I, [2023-12-12T18:28:26.563049 #10907]  INFO -- : Migrating to AddIndexesToIssueStatus (20091220184736)
I, [2023-12-12T18:28:26.574959 #10907]  INFO -- : Migrating to RemoveEnumerationsOpt (20091225164732)
I, [2023-12-12T18:28:26.581274 #10907]  INFO -- : Migrating to ChangeWikiContentsTextLimit (20091227112908)
I, [2023-12-12T18:28:26.586781 #10907]  INFO -- : Migrating to ChangeUsersMailNotificationToString (20100129193402)
I, [2023-12-12T18:28:26.596240 #10907]  INFO -- : Migrating to UpdateMailNotificationValues (20100129193813)
I, [2023-12-12T18:28:26.598531 #10907]  INFO -- : Migrating to AddIndexOnChangesetsScmid (20100221100219)
I, [2023-12-12T18:28:26.604274 #10907]  INFO -- : Migrating to AddIssuesNestedSetsColumns (20100313132032)
I, [2023-12-12T18:28:26.629362 #10907]  INFO -- : Migrating to AddIndexOnIssuesNestedSet (20100313171051)
I, [2023-12-12T18:28:26.635360 #10907]  INFO -- : Migrating to ChangeChangesPathLengthLimit (20100705164950)
I, [2023-12-12T18:28:26.643474 #10907]  INFO -- : Migrating to EnableCalendarAndGanttModulesWhereAppropriate (20100819172912)
I, [2023-12-12T18:28:26.658230 #10907]  INFO -- : Migrating to AddUniqueIndexOnMembers (20101104182107)
I, [2023-12-12T18:28:26.668153 #10907]  INFO -- : Migrating to AddCustomFieldsVisible (20101107130441)
I, [2023-12-12T18:28:26.677472 #10907]  INFO -- : Migrating to ChangeProjectsNameLimit (20101114115114)
I, [2023-12-12T18:28:26.690628 #10907]  INFO -- : Migrating to ChangeProjectsIdentifierLimit (20101114115359)
I, [2023-12-12T18:28:26.696376 #10907]  INFO -- : Migrating to AddWorkflowsAssigneeAndAuthor (20110220160626)
I, [2023-12-12T18:28:26.705711 #10907]  INFO -- : Migrating to AddUsersSalt (20110223180944)
I, [2023-12-12T18:28:26.712617 #10907]  INFO -- : Migrating to SaltUserPasswords (20110223180953)
I, [2023-12-12T18:28:26.734082 #10907]  INFO -- : Migrating to AddRepositoriesPathEncoding (20110224000000)
I, [2023-12-12T18:28:26.738278 #10907]  INFO -- : Migrating to ChangeRepositoriesPasswordLimit (20110226120112)
I, [2023-12-12T18:28:26.758036 #10907]  INFO -- : Migrating to ChangeAuthSourcesAccountPasswordLimit (20110226120132)
I, [2023-12-12T18:28:26.766384 #10907]  INFO -- : Migrating to ChangeJournalDetailsValuesToText (20110227125750)
I, [2023-12-12T18:28:26.782209 #10907]  INFO -- : Migrating to AddRepositoriesLogEncoding (20110228000000)
I, [2023-12-12T18:28:26.791843 #10907]  INFO -- : Migrating to CopyRepositoriesLogEncoding (20110228000100)
I, [2023-12-12T18:28:26.800659 #10907]  INFO -- : Migrating to AddIndexToUsersType (20110401192910)
I, [2023-12-12T18:28:26.824360 #10907]  INFO -- : Migrating to AddRolesIssuesVisibility (20110408103312)
I, [2023-12-12T18:28:26.830437 #10907]  INFO -- : Migrating to AddIssuesIsPrivate (20110412065600)
I, [2023-12-12T18:28:26.846635 #10907]  INFO -- : Migrating to AddRepositoriesExtraInfo (20110511000000)
I, [2023-12-12T18:28:26.851067 #10907]  INFO -- : Migrating to CreateChangesetParents (20110902000000)
I, [2023-12-12T18:28:26.861967 #10907]  INFO -- : Migrating to AddUniqueIndexToIssueRelations (20111201201315)
I, [2023-12-12T18:28:26.876228 #10907]  INFO -- : Migrating to AddRepositoriesIdentifier (20120115143024)
I, [2023-12-12T18:28:26.880807 #10907]  INFO -- : Migrating to AddRepositoriesIsDefault (20120115143100)
I, [2023-12-12T18:28:26.884534 #10907]  INFO -- : Migrating to SetDefaultRepositories (20120115143126)
I, [2023-12-12T18:28:26.888943 #10907]  INFO -- : Migrating to AddCustomFieldsMultiple (20120127174243)
I, [2023-12-12T18:28:26.892653 #10907]  INFO -- : Migrating to ChangeUsersLoginLimit (20120205111326)
I, [2023-12-12T18:28:26.903163 #10907]  INFO -- : Migrating to ChangeAttachmentsContainerDefaults (20120223110929)
I, [2023-12-12T18:28:26.940645 #10907]  INFO -- : Migrating to AddAuthSourcesFilter (20120301153455)
I, [2023-12-12T18:28:26.945769 #10907]  INFO -- : Migrating to ChangeRepositoriesToFullSti (20120422150750)
I, [2023-12-12T18:28:26.949029 #10907]  INFO -- : Migrating to AddTrackersFieldsBits (20120705074331)
I, [2023-12-12T18:28:26.952961 #10907]  INFO -- : Migrating to AddAuthSourcesTimeout (20120707064544)
I, [2023-12-12T18:28:26.955988 #10907]  INFO -- : Migrating to AddWorkflowsType (20120714122000)
I, [2023-12-12T18:28:26.963183 #10907]  INFO -- : Migrating to UpdateWorkflowsToSti (20120714122100)
I, [2023-12-12T18:28:26.967340 #10907]  INFO -- : Migrating to AddWorkflowsRuleFields (20120714122200)
I, [2023-12-12T18:28:26.971999 #10907]  INFO -- : Migrating to AddBoardsParentId (20120731164049)
I, [2023-12-12T18:28:26.975546 #10907]  INFO -- : Migrating to AddJournalsPrivateNotes (20120930112914)
I, [2023-12-12T18:28:26.981532 #10907]  INFO -- : Migrating to AddEnumerationsPositionName (20121026002032)
I, [2023-12-12T18:28:26.984470 #10907]  INFO -- : Migrating to PopulateEnumerationsPositionName (20121026003537)
I, [2023-12-12T18:28:26.994398 #10907]  INFO -- : Migrating to AddQueriesType (20121209123234)
I, [2023-12-12T18:28:26.997758 #10907]  INFO -- : Migrating to UpdateQueriesToSti (20121209123358)
I, [2023-12-12T18:28:27.015627 #10907]  INFO -- : Migrating to AddAttachmentsDiskDirectory (20121213084931)
I, [2023-12-12T18:28:27.019470 #10907]  INFO -- : Migrating to SplitDocumentsPermissions (20130110122628)
I, [2023-12-12T18:28:27.027553 #10907]  INFO -- : Migrating to AddUniqueIndexOnTokensValue (20130201184705)
I, [2023-12-12T18:28:27.039073 #10907]  INFO -- : Migrating to AddProjectsInheritMembers (20130202090625)
I, [2023-12-12T18:28:27.044568 #10907]  INFO -- : Migrating to AddUniqueIndexOnCustomFieldsTrackers (20130207175206)
I, [2023-12-12T18:28:27.062809 #10907]  INFO -- : Migrating to AddUniqueIndexOnCustomFieldsProjects (20130207181455)
I, [2023-12-12T18:28:27.078533 #10907]  INFO -- : Migrating to ChangeUsersLastnameLengthTo255 (20130215073721)
I, [2023-12-12T18:28:27.093120 #10907]  INFO -- : Migrating to AddIssuesClosedOn (20130215111127)
I, [2023-12-12T18:28:27.097377 #10907]  INFO -- : Migrating to PopulateIssuesClosedOn (20130215111141)
I, [2023-12-12T18:28:27.101976 #10907]  INFO -- : Migrating to RemoveIssuesDefaultFkValues (20130217094251)
I, [2023-12-12T18:28:27.125222 #10907]  INFO -- : Migrating to CreateQueriesRoles (20130602092539)
I, [2023-12-12T18:28:27.132468 #10907]  INFO -- : Migrating to AddQueriesVisibility (20130710182539)
I, [2023-12-12T18:28:27.139318 #10907]  INFO -- : Migrating to CreateCustomFieldsRoles (20130713104233)
I, [2023-12-12T18:28:27.158134 #10907]  INFO -- : Migrating to AddQueriesOptions (20130713111657)
I, [2023-12-12T18:28:27.161609 #10907]  INFO -- : Migrating to AddUsersMustChangePasswd (20130729070143)
I, [2023-12-12T18:28:27.165354 #10907]  INFO -- : Migrating to RemoveEolsFromAttachmentsFilename (20130911193200)
I, [2023-12-12T18:28:27.168565 #10907]  INFO -- : Migrating to SupportForMultipleCommitKeywords (20131004113137)
I, [2023-12-12T18:28:27.175978 #10907]  INFO -- : Migrating to AddRepositoriesCreatedOn (20131005100610)
I, [2023-12-12T18:28:27.187784 #10907]  INFO -- : Migrating to AddCustomFieldsFormatStore (20131124175346)
I, [2023-12-12T18:28:27.191530 #10907]  INFO -- : Migrating to AddCustomFieldsDescription (20131210180802)
I, [2023-12-12T18:28:27.194594 #10907]  INFO -- : Migrating to RemoveCustomFieldsMinMaxLengthDefaultValues (20131214094309)
I, [2023-12-12T18:28:27.204050 #10907]  INFO -- : Migrating to StoreRelationTypeInJournalDetails (20131215104612)
I, [2023-12-12T18:28:27.229254 #10907]  INFO -- : Migrating to DeleteOrphanTimeEntriesCustomValues (20131218183023)
I, [2023-12-12T18:28:27.232683 #10907]  INFO -- : Migrating to ChangeChangesetsCommentsLimit (20140228130325)
I, [2023-12-12T18:28:27.235006 #10907]  INFO -- : Migrating to AddPasswordChangedAtToUser (20140903143914)
I, [2023-12-12T18:28:27.245717 #10907]  INFO -- : Migrating to InsertBuiltinGroups (20140920094058)
W, [2023-12-12T18:28:27.249882 #10907]  WARN -- : Creating scope :sorted. Overwriting existing method Group.sorted.
I, [2023-12-12T18:28:27.311045 #10907]  INFO -- : Migrating to AddTrackersDefaultStatusId (20141029181752)
I, [2023-12-12T18:28:27.317848 #10907]  INFO -- : Migrating to RemoveIssueStatusesIsDefault (20141029181824)
I, [2023-12-12T18:28:27.321962 #10907]  INFO -- : Migrating to AddRolesUsersVisibility (20141109112308)
I, [2023-12-12T18:28:27.326064 #10907]  INFO -- : Migrating to AddWikiRedirectsRedirectsToWikiId (20141122124142)
I, [2023-12-12T18:28:27.333405 #10907]  INFO -- : Migrating to CreateEmailAddresses (20150113194759)
I, [2023-12-12T18:28:27.353900 #10907]  INFO -- : Migrating to PopulateEmailAddresses (20150113211532)
I, [2023-12-12T18:28:27.358352 #10907]  INFO -- : Migrating to RemoveUsersMail (20150113213922)
I, [2023-12-12T18:28:27.361010 #10907]  INFO -- : Migrating to AddEmailAddressesUserIdIndex (20150113213955)
I, [2023-12-12T18:28:27.370672 #10907]  INFO -- : Migrating to ReplaceMoveIssuesPermission (20150208105930)
I, [2023-12-12T18:28:27.377444 #10907]  INFO -- : Migrating to ChangeDocumentsTitleLimit (20150510083747)
I, [2023-12-12T18:28:27.386736 #10907]  INFO -- : Migrating to ClearEstimatedHoursOnParentIssues (20150525103953)
I, [2023-12-12T18:28:27.393403 #10907]  INFO -- : Migrating to AddRolesTimeEntriesVisibility (20150526183158)
I, [2023-12-12T18:28:27.396843 #10907]  INFO -- : Migrating to AddRolesAllRolesManaged (20150528084820)
I, [2023-12-12T18:28:27.404313 #10907]  INFO -- : Migrating to CreateRolesManagedRoles (20150528092912)
I, [2023-12-12T18:28:27.410650 #10907]  INFO -- : Migrating to AddUniqueIndexOnRolesManagedRoles (20150528093249)
I, [2023-12-12T18:28:27.418381 #10907]  INFO -- : Migrating to InsertAllowedStatusesForNewIssues (20150725112753)
I, [2023-12-12T18:28:27.422394 #10907]  INFO -- : Migrating to CreateImports (20150730122707)
I, [2023-12-12T18:28:27.435748 #10907]  INFO -- : Migrating to CreateImportItems (20150730122735)
I, [2023-12-12T18:28:27.449484 #10907]  INFO -- : Migrating to ChangeTimeEntriesCommentsLimitTo1024 (20150921204850)
I, [2023-12-12T18:28:27.456558 #10907]  INFO -- : Migrating to ChangeWikiContentsCommentsLimitTo1024 (20150921210243)
I, [2023-12-12T18:28:27.473547 #10907]  INFO -- : Migrating to ChangeAttachmentsFilesizeLimitTo8 (20151020182334)
I, [2023-12-12T18:28:27.502679 #10907]  INFO -- : Migrating to FixCommaInUserFormatSettingValue (20151020182731)
I, [2023-12-12T18:28:27.506994 #10907]  INFO -- : Migrating to ChangeIssueCategoriesNameLimitTo60 (20151021184614)
I, [2023-12-12T18:28:27.516071 #10907]  INFO -- : Migrating to ChangeAuthSourcesFilterToText (20151021185456)
I, [2023-12-12T18:28:27.519276 #10907]  INFO -- : Migrating to ChangeUserPreferencesHideMailDefaultToTrue (20151021190616)
I, [2023-12-12T18:28:27.527874 #10907]  INFO -- : Migrating to AddTokensUpdatedOn (20151024082034)
I, [2023-12-12T18:28:27.531745 #10907]  INFO -- : Migrating to CreateCustomFieldEnumerations (20151025072118)
I, [2023-12-12T18:28:27.544964 #10907]  INFO -- : Migrating to AddProjectsDefaultVersionId (20151031095005)
I, [2023-12-12T18:28:27.550361 #10907]  INFO -- : Migrating to ForcePasswordResetDuringSetup (20160404080304)
I, [2023-12-12T18:28:27.564069 #10907]  INFO -- : Migrating to RemovePositionDefaults (20160416072926)
I, [2023-12-12T18:28:27.595685 #10907]  INFO -- : Migrating to AddRolesSettings (20160529063352)
I, [2023-12-12T18:28:27.598931 #10907]  INFO -- : Migrating to AddTrackerIdIndexToWorkflows (20161001122012)
I, [2023-12-12T18:28:27.606689 #10907]  INFO -- : Migrating to AddIndexOnMemberRolesInheritedFrom (20161002133421)
I, [2023-12-12T18:28:27.621787 #10907]  INFO -- : Migrating to ChangeIssuesDescriptionLimit (20161010081301)
I, [2023-12-12T18:28:27.625414 #10907]  INFO -- : Migrating to ChangeJournalDetailsValueLimit (20161010081528)
I, [2023-12-12T18:28:27.628246 #10907]  INFO -- : Migrating to ChangeJournalsNotesLimit (20161010081600)
I, [2023-12-12T18:28:27.631011 #10907]  INFO -- : Migrating to AddIndexOnChangesetsIssuesIssueId (20161126094932)
I, [2023-12-12T18:28:27.636556 #10907]  INFO -- : Migrating to AddIndexOnIssuesParentId (20161220091118)
I, [2023-12-12T18:28:27.646459 #10907]  INFO -- : Migrating to AddIndexOnDiskFilenameToAttachments (20170207050700)
I, [2023-12-12T18:28:27.658737 #10907]  INFO -- : Migrating to ChangeAttachmentsDigestLimitTo64 (20170302015225)
I, [2023-12-12T18:28:27.662351 #10907]  INFO -- : Migrating to AddProjectDefaultAssignedToId (20170309214320)
I, [2023-12-12T18:28:27.669766 #10907]  INFO -- : Migrating to ChangeRepositoriesExtraInfoLimit (20170320051650)
I, [2023-12-12T18:28:27.674890 #10907]  INFO -- : Migrating to AddViewNewsToAllExistingRoles (20170418090031)
I, [2023-12-12T18:28:27.693976 #10907]  INFO -- : Migrating to AddViewMessagesToAllExistingRoles (20170419144536)
I, [2023-12-12T18:28:27.702108 #10907]  INFO -- : Migrating to RenameCommentsToContent (20170723112801)
I, [2023-12-12T18:28:27.712078 #10907]  INFO -- : Migrating to AddAuthorIdToTimeEntries (20180501132547)
I, [2023-12-12T18:28:27.723948 #10907]  INFO -- : Migrating to AddVerifyPeerToAuthSources (20180913072918)
I, [2023-12-12T18:28:27.727634 #10907]  INFO -- : Migrating to ChangeSqliteBooleansTo0And1 (20180923082945)
I, [2023-12-12T18:28:27.749349 #10907]  INFO -- : Migrating to ChangeSqliteBooleansDefault (20180923091603)
I, [2023-12-12T18:28:27.754987 #10907]  INFO -- : Migrating to ChangeCustomValuesValueLimit (20190315094151)
I, [2023-12-12T18:28:27.760886 #10907]  INFO -- : Migrating to AddTrackersDescription (20190315102101)
I, [2023-12-12T18:28:27.785197 #10907]  INFO -- : Migrating to AddUniqueIdToImportItems (20190510070108)
I, [2023-12-12T18:28:27.798068 #10907]  INFO -- : Migrating to ChangeRolesNameLimit (20190620135549)
I, [2023-12-12T18:28:27.813290 #10907]  INFO -- : Migrating to AddTwofaSchemeToUser (20200826153401)
I, [2023-12-12T18:28:27.818904 #10907]  INFO -- : Migrating to AddTotpToUser (20200826153402)
I, [2023-12-12T18:28:27.825540 #10907]  INFO -- : Migrating to AddTwofaRequiredToGroups (20210704125704)
I, [2023-12-12T18:28:27.831528 #10907]  INFO -- : Migrating to AddProjectsDefaultIssueQueryId (20210705111300)
I, [2023-12-12T18:28:27.846507 #10907]  INFO -- : Migrating to DropIsInChlogColumn (20210728131544)
I, [2023-12-12T18:28:27.851003 #10907]  INFO -- : Migrating to RemoveBccRecipientsSetting (20210801145548)
I, [2023-12-12T18:28:27.855020 #10907]  INFO -- : Migrating to RemoveOrphanedUserCustomValues (20210801211024)
I, [2023-12-12T18:28:27.858799 #10907]  INFO -- : Migrating to RemoveIdentityUrlFromUsers (20211213122100)
I, [2023-12-12T18:28:27.862008 #10907]  INFO -- : Migrating to DropOpenIdAuthenticationTables (20211213122101)
I, [2023-12-12T18:28:27.872830 #10907]  INFO -- : Migrating to RemoveOpenIdSetting (20211213122102)
I, [2023-12-12T18:28:27.879328 #10907]  INFO -- : Migrating to DeleteOrphanedTimeEntryActivities (20220224194639)
I, [2023-12-12T18:28:27.888558 #10907]  INFO -- : Migrating to AddJournalUpdatedOn (20220714093000)
I, [2023-12-12T18:28:27.894994 #10907]  INFO -- : Migrating to AddJournalUpdatedBy (20220714093010)
I, [2023-12-12T18:28:27.901140 #10907]  INFO -- : Migrating to AddDefaultTimeEntryActivityToRoles (20220806215628)
I, [2023-12-12T18:28:27.904369 #10907]  INFO -- : Migrating to DeleteOrphanedQueryAndRoleFromQueriesRoles (20221002193055)
I, [2023-12-12T18:28:27.911115 #10907]  INFO -- : Migrating to EnsureTextFormattingSettingIsStoredInDb (20221004172825)
I, [2023-12-12T18:28:27.917053 #10907]  INFO -- : Migrating to AddIndexToCustomValues (20221012135202)
I, [2023-12-12T18:28:27.929425 #10907]  INFO -- : Migrating to AddSelectProjectPublicityPermission (20221214173537)
I, [2023-12-12T18:28:27.933909 #10907]  INFO -- : Migrating to AddStatusDescription (20230818020734)
I, [2023-12-12T18:28:27.943062 #10907]  INFO -- : Migrating to RemoveMentionUsersPermission (20231012112407)
W, [2023-12-12T18:29:36.774879 #10924]  WARN -- : Creating scope :system. Overwriting existing method Enumeration.system.
W, [2023-12-12T18:29:37.486531 #10924]  WARN -- : Creating scope :sorted. Overwriting existing method User.sorted.
W, [2023-12-12T18:29:37.537122 #10924]  WARN -- : Creating scope :sorted. Overwriting existing method Group.sorted.
W, [2023-12-12T18:35:57.745122 #11223]  WARN -- : Creating scope :system. Overwriting existing method Enumeration.system.
W, [2023-12-12T18:35:57.834576 #11223]  WARN -- : Creating scope :sorted. Overwriting existing method User.sorted.
W, [2023-12-12T18:35:57.877215 #11223]  WARN -- : Creating scope :sorted. Overwriting existing method Group.sorted.
I, [2023-12-12T18:36:15.425886 #11223]  INFO -- : [2c20beb7-4579-4361-bd07-43ec1f03964f] Started GET "/" for 127.0.0.1 at 2023-12-12 18:36:15 +0300
I, [2023-12-12T18:36:15.427399 #11223]  INFO -- : [2c20beb7-4579-4361-bd07-43ec1f03964f] Processing by WelcomeController#index as HTML
I, [2023-12-12T18:36:15.562714 #11223]  INFO -- : [2c20beb7-4579-4361-bd07-43ec1f03964f]   Current user: anonymous
I, [2023-12-12T18:36:15.628224 #11223]  INFO -- : [2c20beb7-4579-4361-bd07-43ec1f03964f]   Rendered welcome/index.html.erb within layouts/base (Duration: 4.7ms | Allocations: 4400)
I, [2023-12-12T18:36:15.650759 #11223]  INFO -- : [2c20beb7-4579-4361-bd07-43ec1f03964f]   Rendered layout layouts/base.html.erb (Duration: 27.2ms | Allocations: 14329)
I, [2023-12-12T18:36:15.651149 #11223]  INFO -- : [2c20beb7-4579-4361-bd07-43ec1f03964f] Completed 200 OK in 224ms (Views: 22.7ms | ActiveRecord: 62.0ms | Allocations: 94590)
I, [2023-12-12T18:36:59.922315 #11223]  INFO -- : [79efbf93-c690-48a7-9ded-963e79628038] Started GET "/" for 127.0.0.1 at 2023-12-12 18:36:59 +0300
I, [2023-12-12T18:36:59.922992 #11223]  INFO -- : [79efbf93-c690-48a7-9ded-963e79628038] Processing by WelcomeController#index as HTML
I, [2023-12-12T18:36:59.926771 #11223]  INFO -- : [79efbf93-c690-48a7-9ded-963e79628038]   Current user: anonymous
I, [2023-12-12T18:36:59.934188 #11223]  INFO -- : [79efbf93-c690-48a7-9ded-963e79628038]   Rendered welcome/index.html.erb within layouts/base (Duration: 0.5ms | Allocations: 358)
I, [2023-12-12T18:36:59.959676 #11223]  INFO -- : [79efbf93-c690-48a7-9ded-963e79628038]   Rendered layout layouts/base.html.erb (Duration: 26.0ms | Allocations: 4077)
I, [2023-12-12T18:36:59.959969 #11223]  INFO -- : [79efbf93-c690-48a7-9ded-963e79628038] Completed 200 OK in 37ms (Views: 26.5ms | ActiveRecord: 4.9ms | Allocations: 6196)
I, [2023-12-12T18:40:26.017032 #11223]  INFO -- : [adfdbd4c-2a8d-4ab4-b7c9-290d3a91df92] Started GET "/login" for 127.0.0.1 at 2023-12-12 18:40:26 +0300
I, [2023-12-12T18:40:26.018070 #11223]  INFO -- : [adfdbd4c-2a8d-4ab4-b7c9-290d3a91df92] Processing by AccountController#login as HTML
I, [2023-12-12T18:40:26.022567 #11223]  INFO -- : [adfdbd4c-2a8d-4ab4-b7c9-290d3a91df92]   Current user: anonymous
I, [2023-12-12T18:40:26.026870 #11223]  INFO -- : [adfdbd4c-2a8d-4ab4-b7c9-290d3a91df92]   Rendered account/login.html.erb within layouts/base (Duration: 2.7ms | Allocations: 1609)
I, [2023-12-12T18:40:26.033336 #11223]  INFO -- : [adfdbd4c-2a8d-4ab4-b7c9-290d3a91df92]   Rendered layout layouts/base.html.erb (Duration: 9.2ms | Allocations: 6542)
I, [2023-12-12T18:40:26.033635 #11223]  INFO -- : [adfdbd4c-2a8d-4ab4-b7c9-290d3a91df92] Completed 200 OK in 15ms (Views: 9.3ms | ActiveRecord: 1.7ms | Allocations: 8059)
I, [2023-12-12T18:40:34.177979 #11223]  INFO -- : [d1b725dc-09ea-4af9-905b-78a9300aeff9] Started POST "/login" for 127.0.0.1 at 2023-12-12 18:40:34 +0300
I, [2023-12-12T18:40:34.178916 #11223]  INFO -- : [d1b725dc-09ea-4af9-905b-78a9300aeff9] Processing by AccountController#login as HTML
I, [2023-12-12T18:40:34.178987 #11223]  INFO -- : [d1b725dc-09ea-4af9-905b-78a9300aeff9]   Parameters: {"utf8"=>"✓", "authenticity_token"=>"oPg7aLFyKLQwnBaFRI/2A+p9Cdmi+IQj/fbmvg9FqAYfGAs9v1gv3xxme4uuGVJS7RTJpBofKrRrf63wGSC7pQ==", "back_url"=>"/", "username"=>"admin", "password"=>"[FILTERED]", "login"=>"Login"}
I, [2023-12-12T18:40:34.182025 #11223]  INFO -- : [d1b725dc-09ea-4af9-905b-78a9300aeff9]   Current user: anonymous
I, [2023-12-12T18:40:34.202217 #11223]  INFO -- : [d1b725dc-09ea-4af9-905b-78a9300aeff9] Successful authentication for 'admin' from 127.0.0.1 at 2023-12-12 15:40:34 UTC
I, [2023-12-12T18:40:34.330618 #11223]  INFO -- : [d1b725dc-09ea-4af9-905b-78a9300aeff9] Redirected to http://localhost:3000/
I, [2023-12-12T18:40:34.330815 #11223]  INFO -- : [d1b725dc-09ea-4af9-905b-78a9300aeff9] Completed 302 Found in 152ms (ActiveRecord: 95.3ms | Allocations: 8855)
I, [2023-12-12T18:40:34.406864 #11223]  INFO -- : [016c6fb7-df65-4881-bc6a-74daa880737a] Started GET "/" for 127.0.0.1 at 2023-12-12 18:40:34 +0300
I, [2023-12-12T18:40:34.409021 #11223]  INFO -- : [016c6fb7-df65-4881-bc6a-74daa880737a] Processing by WelcomeController#index as HTML
I, [2023-12-12T18:40:34.454296 #11223]  INFO -- : [016c6fb7-df65-4881-bc6a-74daa880737a]   Current user: admin (id=1)
I, [2023-12-12T18:40:34.457756 #11223]  INFO -- : [016c6fb7-df65-4881-bc6a-74daa880737a] Redirected to http://localhost:3000/my/password
I, [2023-12-12T18:40:34.457822 #11223]  INFO -- : [016c6fb7-df65-4881-bc6a-74daa880737a] Filter chain halted as :check_password_change rendered or redirected
I, [2023-12-12T18:40:34.457887 #11223]  INFO -- : [016c6fb7-df65-4881-bc6a-74daa880737a] Completed 302 Found in 49ms (ActiveRecord: 23.7ms | Allocations: 1741)
I, [2023-12-12T18:40:34.463617 #11223]  INFO -- : [f6797724-c4f1-4e8b-aec5-cb420a965a47] Started GET "/my/password" for 127.0.0.1 at 2023-12-12 18:40:34 +0300
I, [2023-12-12T18:40:34.464264 #11223]  INFO -- : [f6797724-c4f1-4e8b-aec5-cb420a965a47] Processing by MyController#password as HTML
I, [2023-12-12T18:40:34.472270 #11223]  INFO -- : [f6797724-c4f1-4e8b-aec5-cb420a965a47]   Current user: admin (id=1)
I, [2023-12-12T18:40:34.490237 #11223]  INFO -- : [f6797724-c4f1-4e8b-aec5-cb420a965a47]   Rendered my/password.html.erb within layouts/base (Duration: 15.7ms | Allocations: 1879)
I, [2023-12-12T18:40:34.534436 #11223]  INFO -- : [f6797724-c4f1-4e8b-aec5-cb420a965a47]   Rendered layout layouts/base.html.erb (Duration: 60.0ms | Allocations: 8562)
I, [2023-12-12T18:40:34.534677 #11223]  INFO -- : [f6797724-c4f1-4e8b-aec5-cb420a965a47] Completed 200 OK in 70ms (Views: 24.5ms | ActiveRecord: 39.9ms | Allocations: 10341)
I, [2023-12-12T18:40:59.418914 #11223]  INFO -- : [86a79259-3508-4096-8586-4dfc465f47b9] Started POST "/my/password" for 127.0.0.1 at 2023-12-12 18:40:59 +0300
I, [2023-12-12T18:40:59.419467 #11223]  INFO -- : [86a79259-3508-4096-8586-4dfc465f47b9] Processing by MyController#password as HTML
I, [2023-12-12T18:40:59.419502 #11223]  INFO -- : [86a79259-3508-4096-8586-4dfc465f47b9]   Parameters: {"utf8"=>"✓", "authenticity_token"=>"Qy2xDfqcysnGGf6R5B6SC7Wvie9QyFFfRF3LDp8NPcAYRWZpTnWzDo2b3+4uc+SEmHvpiXhLVhL4u7+mSS7lUQ==", "password"=>"[FILTERED]", "new_password"=>"[FILTERED]", "new_password_confirmation"=>"[FILTERED]", "commit"=>"Apply"}
I, [2023-12-12T18:40:59.423210 #11223]  INFO -- : [86a79259-3508-4096-8586-4dfc465f47b9]   Current user: admin (id=1)
I, [2023-12-12T18:40:59.493180 #11223]  INFO -- : [86a79259-3508-4096-8586-4dfc465f47b9] Redirected to http://localhost:3000/my/account
I, [2023-12-12T18:40:59.493315 #11223]  INFO -- : [86a79259-3508-4096-8586-4dfc465f47b9] Completed 302 Found in 74ms (ActiveRecord: 52.2ms | Allocations: 10294)
I, [2023-12-12T18:40:59.497248 #11223]  INFO -- : [2e5f16cf-4798-496c-a936-336e32a065f5] Started GET "/my/account" for 127.0.0.1 at 2023-12-12 18:40:59 +0300
I, [2023-12-12T18:40:59.497754 #11223]  INFO -- : [2e5f16cf-4798-496c-a936-336e32a065f5] Processing by MyController#account as HTML
I, [2023-12-12T18:40:59.502455 #11223]  INFO -- : [2e5f16cf-4798-496c-a936-336e32a065f5]   Current user: admin (id=1)
I, [2023-12-12T18:40:59.753645 #11223]  INFO -- : [2e5f16cf-4798-496c-a936-336e32a065f5]   Rendered my/account.html.erb within layouts/base (Duration: 248.7ms | Allocations: 185622)
I, [2023-12-12T18:40:59.757790 #11223]  INFO -- : [2e5f16cf-4798-496c-a936-336e32a065f5]   Rendered layout layouts/base.html.erb (Duration: 252.8ms | Allocations: 189083)
I, [2023-12-12T18:40:59.758025 #11223]  INFO -- : [2e5f16cf-4798-496c-a936-336e32a065f5] Completed 200 OK in 260ms (Views: 229.8ms | ActiveRecord: 25.8ms | Allocations: 190829)
I, [2023-12-12T18:41:10.685552 #11223]  INFO -- : [710e66e2-98ed-49a6-97a1-af8bb8badcb4] Started GET "/projects" for 127.0.0.1 at 2023-12-12 18:41:10 +0300
I, [2023-12-12T18:41:10.686100 #11223]  INFO -- : [710e66e2-98ed-49a6-97a1-af8bb8badcb4] Processing by ProjectsController#index as HTML
I, [2023-12-12T18:41:10.691381 #11223]  INFO -- : [710e66e2-98ed-49a6-97a1-af8bb8badcb4]   Current user: admin (id=1)
I, [2023-12-12T18:41:10.746015 #11223]  INFO -- : [710e66e2-98ed-49a6-97a1-af8bb8badcb4]   Rendered projects/index.html.erb within layouts/base (Duration: 37.8ms | Allocations: 11473)
I, [2023-12-12T18:41:10.762397 #11223]  INFO -- : [710e66e2-98ed-49a6-97a1-af8bb8badcb4]   Rendered layout layouts/base.html.erb (Duration: 54.2ms | Allocations: 17545)
I, [2023-12-12T18:41:10.762684 #11223]  INFO -- : [710e66e2-98ed-49a6-97a1-af8bb8badcb4] Completed 200 OK in 77ms (Views: 30.2ms | ActiveRecord: 30.1ms | Allocations: 31968)
I, [2023-12-12T18:41:13.325064 #11223]  INFO -- : [8149ead5-bbde-4e2f-a911-f6be97079249] Started GET "/projects/new" for 127.0.0.1 at 2023-12-12 18:41:13 +0300
I, [2023-12-12T18:41:13.325617 #11223]  INFO -- : [8149ead5-bbde-4e2f-a911-f6be97079249] Processing by ProjectsController#new as HTML
I, [2023-12-12T18:41:13.330247 #11223]  INFO -- : [8149ead5-bbde-4e2f-a911-f6be97079249]   Current user: admin (id=1)
I, [2023-12-12T18:41:13.388572 #11223]  INFO -- : [8149ead5-bbde-4e2f-a911-f6be97079249]   Rendered projects/new.html.erb within layouts/base (Duration: 22.6ms | Allocations: 6764)
I, [2023-12-12T18:41:13.403695 #11223]  INFO -- : [8149ead5-bbde-4e2f-a911-f6be97079249]   Rendered layout layouts/base.html.erb (Duration: 37.7ms | Allocations: 12390)
I, [2023-12-12T18:41:13.404041 #11223]  INFO -- : [8149ead5-bbde-4e2f-a911-f6be97079249] Completed 200 OK in 78ms (Views: 24.9ms | ActiveRecord: 32.3ms | Allocations: 30286)
I, [2023-12-12T18:41:20.566348 #11223]  INFO -- : [cd732900-1155-4de5-8056-219fe1cd3171] Started POST "/projects" for 127.0.0.1 at 2023-12-12 18:41:20 +0300
I, [2023-12-12T18:41:20.567021 #11223]  INFO -- : [cd732900-1155-4de5-8056-219fe1cd3171] Processing by ProjectsController#create as HTML
I, [2023-12-12T18:41:20.567066 #11223]  INFO -- : [cd732900-1155-4de5-8056-219fe1cd3171]   Parameters: {"utf8"=>"✓", "authenticity_token"=>"0aThfoDclWzgS6eTsNcb92OVvHEe7t/c+IddCzqC7NuKzDYaNDXsq6vJhux6um14TkHcFzZt2JFEYSmj7KE0Sg==", "project"=>{"name"=>"123", "description"=>"", "identifier"=>"1234", "homepage"=>"", "is_public"=>"1", "inherit_members"=>"0", "enabled_module_names"=>["issue_tracking", "time_tracking", "news", "documents", "files", "wiki", "repository", "boards", "calendar", "gantt", ""]}, "commit"=>"Create"}
I, [2023-12-12T18:41:20.570324 #11223]  INFO -- : [cd732900-1155-4de5-8056-219fe1cd3171]   Current user: admin (id=1)
I, [2023-12-12T18:41:20.622567 #11223]  INFO -- : [cd732900-1155-4de5-8056-219fe1cd3171]   Rendered projects/new.html.erb within layouts/base (Duration: 6.5ms | Allocations: 6347)
I, [2023-12-12T18:41:20.633567 #11223]  INFO -- : [cd732900-1155-4de5-8056-219fe1cd3171]   Rendered layout layouts/base.html.erb (Duration: 17.5ms | Allocations: 12089)
I, [2023-12-12T18:41:20.633770 #11223]  INFO -- : [cd732900-1155-4de5-8056-219fe1cd3171] Completed 200 OK in 67ms (Views: 14.3ms | ActiveRecord: 25.8ms | Allocations: 24130)
I, [2023-12-12T18:41:24.677483 #11223]  INFO -- : [9a6e1304-1aae-444e-bb73-3494767e6b54] Started POST "/projects" for 127.0.0.1 at 2023-12-12 18:41:24 +0300
I, [2023-12-12T18:41:24.680280 #11223]  INFO -- : [9a6e1304-1aae-444e-bb73-3494767e6b54] Processing by ProjectsController#create as HTML
I, [2023-12-12T18:41:24.680397 #11223]  INFO -- : [9a6e1304-1aae-444e-bb73-3494767e6b54]   Parameters: {"utf8"=>"✓", "authenticity_token"=>"5GDDpzF7StLq7ag+98IkW5Flc9VxIpfNlFsHmtV76Ou/CBTDhZIzFaFviUE9r1LUvLETs1mhkIAovXMyA1gweg==", "project"=>{"name"=>"123", "description"=>"", "identifier"=>"1234a", "homepage"=>"", "is_public"=>"1", "inherit_members"=>"0", "enabled_module_names"=>["issue_tracking", "time_tracking", "news", "documents", "files", "wiki", "repository", "boards", "calendar", "gantt", ""]}, "commit"=>"Create"}
I, [2023-12-12T18:41:24.687711 #11223]  INFO -- : [9a6e1304-1aae-444e-bb73-3494767e6b54]   Current user: admin (id=1)
I, [2023-12-12T18:41:24.787576 #11223]  INFO -- : [9a6e1304-1aae-444e-bb73-3494767e6b54] Redirected to http://localhost:3000/projects/1234a/settings
I, [2023-12-12T18:41:24.793171 #11223]  INFO -- : [9a6e1304-1aae-444e-bb73-3494767e6b54] Completed 302 Found in 113ms (ActiveRecord: 65.7ms | Allocations: 17626)
I, [2023-12-12T18:41:24.797011 #11223]  INFO -- : [dcf02e20-4a4a-4003-af64-ca6a3d93ccd4] Started GET "/projects/1234a/settings" for 127.0.0.1 at 2023-12-12 18:41:24 +0300
I, [2023-12-12T18:41:24.797563 #11223]  INFO -- : [dcf02e20-4a4a-4003-af64-ca6a3d93ccd4] Processing by ProjectsController#settings as HTML
I, [2023-12-12T18:41:24.797607 #11223]  INFO -- : [dcf02e20-4a4a-4003-af64-ca6a3d93ccd4]   Parameters: {"id"=>"1234a"}
I, [2023-12-12T18:41:24.802864 #11223]  INFO -- : [dcf02e20-4a4a-4003-af64-ca6a3d93ccd4]   Current user: admin (id=1)
I, [2023-12-12T18:41:24.893901 #11223]  INFO -- : [dcf02e20-4a4a-4003-af64-ca6a3d93ccd4]   Rendered projects/settings.html.erb within layouts/base (Duration: 67.6ms | Allocations: 29698)
I, [2023-12-12T18:41:24.928952 #11223]  INFO -- : [dcf02e20-4a4a-4003-af64-ca6a3d93ccd4]   Rendered layout layouts/base.html.erb (Duration: 102.7ms | Allocations: 38700)
I, [2023-12-12T18:41:24.929235 #11223]  INFO -- : [dcf02e20-4a4a-4003-af64-ca6a3d93ccd4] Completed 200 OK in 132ms (Views: 78.6ms | ActiveRecord: 34.5ms | Allocations: 46648)
I, [2023-12-12T18:41:29.673978 #11223]  INFO -- : [b634d0b5-2f4b-4b01-91a7-a042c2a65e19] Started GET "/projects" for 127.0.0.1 at 2023-12-12 18:41:29 +0300
I, [2023-12-12T18:41:29.674691 #11223]  INFO -- : [b634d0b5-2f4b-4b01-91a7-a042c2a65e19] Processing by ProjectsController#index as HTML
I, [2023-12-12T18:41:29.684581 #11223]  INFO -- : [b634d0b5-2f4b-4b01-91a7-a042c2a65e19]   Current user: admin (id=1)
I, [2023-12-12T18:41:29.727437 #11223]  INFO -- : [b634d0b5-2f4b-4b01-91a7-a042c2a65e19]   Rendered projects/index.html.erb within layouts/base (Duration: 24.2ms | Allocations: 7431)
I, [2023-12-12T18:41:29.754517 #11223]  INFO -- : [b634d0b5-2f4b-4b01-91a7-a042c2a65e19]   Rendered layout layouts/base.html.erb (Duration: 51.4ms | Allocations: 13192)
I, [2023-12-12T18:41:29.754793 #11223]  INFO -- : [b634d0b5-2f4b-4b01-91a7-a042c2a65e19] Completed 200 OK in 80ms (Views: 32.8ms | ActiveRecord: 31.8ms | Allocations: 16034)
I, [2023-12-12T18:41:31.053990 #11223]  INFO -- : [a2c4d291-94a0-4d91-8f2c-ce6895c8ce4a] Started GET "/projects/1234a" for 127.0.0.1 at 2023-12-12 18:41:31 +0300
I, [2023-12-12T18:41:31.054563 #11223]  INFO -- : [a2c4d291-94a0-4d91-8f2c-ce6895c8ce4a] Processing by ProjectsController#show as HTML
I, [2023-12-12T18:41:31.054599 #11223]  INFO -- : [a2c4d291-94a0-4d91-8f2c-ce6895c8ce4a]   Parameters: {"id"=>"1234a"}
I, [2023-12-12T18:41:31.058840 #11223]  INFO -- : [a2c4d291-94a0-4d91-8f2c-ce6895c8ce4a]   Current user: admin (id=1)
I, [2023-12-12T18:41:31.120256 #11223]  INFO -- : [a2c4d291-94a0-4d91-8f2c-ce6895c8ce4a]   Rendered projects/show.html.erb within layouts/base (Duration: 15.7ms | Allocations: 5636)
I, [2023-12-12T18:41:31.154756 #11223]  INFO -- : [a2c4d291-94a0-4d91-8f2c-ce6895c8ce4a]   Rendered layout layouts/base.html.erb (Duration: 50.2ms | Allocations: 14333)
I, [2023-12-12T18:41:31.155027 #11223]  INFO -- : [a2c4d291-94a0-4d91-8f2c-ce6895c8ce4a] Completed 200 OK in 100ms (Views: 29.7ms | ActiveRecord: 52.2ms | Allocations: 23583)
I, [2023-12-12T18:41:34.730202 #11223]  INFO -- : [69e49a1e-98d9-478c-ba34-272efd74dbfa] Started GET "/projects/1234a/issues" for 127.0.0.1 at 2023-12-12 18:41:34 +0300
I, [2023-12-12T18:41:34.730763 #11223]  INFO -- : [69e49a1e-98d9-478c-ba34-272efd74dbfa] Processing by IssuesController#index as HTML
I, [2023-12-12T18:41:34.730796 #11223]  INFO -- : [69e49a1e-98d9-478c-ba34-272efd74dbfa]   Parameters: {"project_id"=>"1234a"}
I, [2023-12-12T18:41:34.750652 #11223]  INFO -- : [69e49a1e-98d9-478c-ba34-272efd74dbfa]   Current user: admin (id=1)
I, [2023-12-12T18:41:34.852935 #11223]  INFO -- : [69e49a1e-98d9-478c-ba34-272efd74dbfa]   Rendered issues/index.html.erb within layouts/base (Duration: 43.6ms | Allocations: 18909)
I, [2023-12-12T18:41:34.874831 #11223]  INFO -- : [69e49a1e-98d9-478c-ba34-272efd74dbfa]   Rendered layout layouts/base.html.erb (Duration: 65.6ms | Allocations: 27679)
I, [2023-12-12T18:41:34.875131 #11223]  INFO -- : [69e49a1e-98d9-478c-ba34-272efd74dbfa] Completed 200 OK in 144ms (Views: 46.4ms | ActiveRecord: 72.4ms | Allocations: 42285)
I, [2023-12-12T18:41:41.642686 #11223]  INFO -- : [7f3b1228-49b6-4788-a14d-8bf709db89af] Started GET "/projects/1234a/issues/new" for 127.0.0.1 at 2023-12-12 18:41:41 +0300
I, [2023-12-12T18:41:41.644747 #11223]  INFO -- : [7f3b1228-49b6-4788-a14d-8bf709db89af] Processing by IssuesController#new as HTML
I, [2023-12-12T18:41:41.644804 #11223]  INFO -- : [7f3b1228-49b6-4788-a14d-8bf709db89af]   Parameters: {"project_id"=>"1234a"}
I, [2023-12-12T18:41:41.666273 #11223]  INFO -- : [7f3b1228-49b6-4788-a14d-8bf709db89af]   Current user: admin (id=1)
I, [2023-12-12T18:41:41.788087 #11223]  INFO -- : [7f3b1228-49b6-4788-a14d-8bf709db89af]   Rendered issues/new.html.erb within layouts/base (Duration: 55.1ms | Allocations: 21802)
I, [2023-12-12T18:41:41.803301 #11223]  INFO -- : [7f3b1228-49b6-4788-a14d-8bf709db89af]   Rendered layout layouts/base.html.erb (Duration: 70.4ms | Allocations: 30325)
I, [2023-12-12T18:41:41.803517 #11223]  INFO -- : [7f3b1228-49b6-4788-a14d-8bf709db89af] Completed 200 OK in 159ms (Views: 51.0ms | ActiveRecord: 65.8ms | Allocations: 48732)
I, [2023-12-12T19:11:03.216420 #11223]  INFO -- : [6ec694e3-cf0d-4380-a014-0a896ffbac64] Started GET "/" for 127.0.0.1 at 2023-12-12 19:11:03 +0300
I, [2023-12-12T19:11:03.217214 #11223]  INFO -- : [6ec694e3-cf0d-4380-a014-0a896ffbac64] Processing by WelcomeController#index as HTML
I, [2023-12-12T19:11:03.277383 #11223]  INFO -- : [6ec694e3-cf0d-4380-a014-0a896ffbac64]   Current user: admin (id=1)
I, [2023-12-12T19:11:03.287906 #11223]  INFO -- : [6ec694e3-cf0d-4380-a014-0a896ffbac64]   Rendered welcome/index.html.erb within layouts/base (Duration: 3.6ms | Allocations: 664)
I, [2023-12-12T19:11:03.305882 #11223]  INFO -- : [6ec694e3-cf0d-4380-a014-0a896ffbac64]   Rendered layout layouts/base.html.erb (Duration: 21.7ms | Allocations: 5008)
I, [2023-12-12T19:11:03.306299 #11223]  INFO -- : [6ec694e3-cf0d-4380-a014-0a896ffbac64] Completed 200 OK in 89ms (Views: 18.1ms | ActiveRecord: 26.0ms | Allocations: 11070)
W, [2023-12-12T23:48:04.958076 #13296]  WARN -- : Creating scope :system. Overwriting existing method Enumeration.system.
W, [2023-12-12T23:48:05.045896 #13296]  WARN -- : Creating scope :sorted. Overwriting existing method User.sorted.
W, [2023-12-12T23:48:05.095193 #13296]  WARN -- : Creating scope :sorted. Overwriting existing method Group.sorted.
